2026-05-21 16:46:55 | DEBUG | update_pipeline | Keys disponibles en res: ['por_producto', 'por_region', 'pct_sobre_prod', 'pct_sobre_reg']
2026-05-21 16:46:59 | INFO | update_pipeline | ✅ Pipeline OK: histórico actualizado y reportes generados en output/
2026-05-22 11:10:12 | DEBUG | update_pipeline | Keys disponibles en res: ['por_producto', 'por_region', 'pct_sobre_prod', 'pct_sobre_reg']
2026-05-22 11:10:13 | INFO | update_pipeline | ✅ Pipeline OK: histórico actualizado y reportes generados en output/
2026-05-22 12:21:15 | DEBUG | update_pipeline | Keys disponibles en res: ['por_producto', 'por_region', 'pct_sobre_prod', 'pct_sobre_reg']
2026-05-22 12:21:16 | INFO | update_pipeline | ✅ Pipeline OK: histórico actualizado y reportes generados en output/
2026-05-22 12:32:25 | INFO | update_pipeline | ✅ modelo_dashboard.csv actualizado para Power BI
2026-05-22 12:32:25 | DEBUG | update_pipeline | Keys disponibles en res: ['por_producto', 'por_region', 'pct_sobre_prod', 'pct_sobre_reg']
2026-05-22 12:32:26 | INFO | update_pipeline | ✅ Pipeline OK: histórico actualizado y reportes generados en output/
2026-05-22 12:32:36 | INFO | update_pipeline | ✅ modelo_dashboard.csv actualizado para Power BI
2026-05-22 12:32:36 | DEBUG | update_pipeline | Keys disponibles en res: ['por_producto', 'por_region', 'pct_sobre_prod', 'pct_sobre_reg']
2026-05-22 12:32:37 | INFO | update_pipeline | ✅ Pipeline OK: histórico actualizado y reportes generados en output/
2026-05-23 09:00:34 | INFO | update_pipeline | ✅ modelo_dashboard.csv actualizado para Power BI
2026-05-23 09:00:34 | DEBUG | update_pipeline | Keys disponibles en res: ['por_producto', 'por_region', 'pct_sobre_prod', 'pct_sobre_reg']
2026-05-23 09:00:36 | INFO | update_pipeline | ✅ Pipeline OK: histórico actualizado y reportes generados en output/
2026-05-24 09:00:18 | INFO | update_pipeline | ✅ modelo_dashboard.csv actualizado para Power BI
2026-05-24 09:00:18 | DEBUG | update_pipeline | Keys disponibles en res: ['por_producto', 'por_region', 'pct_sobre_prod', 'pct_sobre_reg']
2026-05-24 09:00:19 | INFO | update_pipeline | ✅ Pipeline OK: histórico actualizado y reportes generados en output/
2026-05-25 19:56:15 | INFO | update_pipeline | ✅ modelo_dashboard.csv actualizado para Power BI
2026-05-25 19:56:15 | DEBUG | update_pipeline | Keys disponibles en res: ['por_producto', 'por_region', 'pct_sobre_prod', 'pct_sobre_reg']
2026-05-25 19:56:25 | INFO | update_pipeline | ✅ Pipeline OK: histórico actualizado y reportes generados en output/
2026-05-26 09:05:46 | INFO | update_pipeline | ✅ modelo_dashboard.csv actualizado para Power BI
2026-05-26 09:05:46 | DEBUG | update_pipeline | Keys disponibles en res: ['por_producto', 'por_region', 'pct_sobre_prod', 'pct_sobre_reg']
2026-05-26 09:05:50 | INFO | update_pipeline | ✅ Pipeline OK: histórico actualizado y reportes generados en output/
2026-05-27 10:23:18 | INFO | update_pipeline | ✅ modelo_dashboard.csv actualizado para Power BI
2026-05-27 10:23:18 | DEBUG | update_pipeline | Keys disponibles en res: ['por_producto', 'por_region', 'pct_sobre_prod', 'pct_sobre_reg']
2026-05-27 10:23:21 | INFO | update_pipeline | ✅ Pipeline OK: histórico actualizado y reportes generados en output/
2026-05-28 09:00:10 | INFO | update_pipeline | ✅ modelo_dashboard.csv actualizado para Power BI
2026-05-28 09:00:10 | DEBUG | update_pipeline | Keys disponibles en res: ['por_producto', 'por_region', 'pct_sobre_prod', 'pct_sobre_reg']
2026-05-28 09:00:11 | ERROR | update_pipeline | ❌ Error en el pipeline (update_pipeline.py)
Traceback (most recent call last):
  File "C:\Users\Usuario\OneDrive\Documentos\python_practica\analisis-ventas-python\src\update_pipeline.py", line 148, in <module>
    main()
    ~~~~^^
  File "C:\Users\Usuario\OneDrive\Documentos\python_practica\analisis-ventas-python\src\update_pipeline.py", line 136, in main
    with pd.ExcelWriter(OUT_XLSX) as writer:
         ~~~~~~~~~~~~~~^^^^^^^^^^
  File "C:\Users\Usuario\AppData\Local\Programs\Python\Python314\Lib\site-packages\pandas\io\excel\_openpyxl.py", line 62, in __init__
    super().__init__(
    ~~~~~~~~~~~~~~~~^
        path,
        ^^^^^
    ...<3 lines>...
        engine_kwargs=engine_kwargs,
        ^^^^^^^^^^^^^^^^^^^^^^^^^^^^
    )
    ^
  File "C:\Users\Usuario\AppData\Local\Programs\Python\Python314\Lib\site-packages\pandas\io\excel\_base.py", line 1281, in __init__
    self._handles = get_handle(
                    ~~~~~~~~~~^
        path, mode, storage_options=storage_options, is_text=False
        ^^^^^^^^^^^^^^^^^^^^^^^^^^^^^^^^^^^^^^^^^^^^^^^^^^^^^^^^^^
    )
    ^
  File "C:\Users\Usuario\AppData\Local\Programs\Python\Python314\Lib\site-packages\pandas\io\common.py", line 935, in get_handle
    handle = open(handle, ioargs.mode)
PermissionError: [Errno 13] Permission denied: 'output/kpi_daily.xlsx'
2026-05-29 10:01:29 | INFO | update_pipeline | ✅ modelo_dashboard.csv actualizado para Power BI
2026-05-29 10:01:29 | DEBUG | update_pipeline | Keys disponibles en res: ['por_producto', 'por_region', 'pct_sobre_prod', 'pct_sobre_reg']
2026-05-29 10:01:29 | INFO | update_pipeline | ✅ Pipeline OK: histórico actualizado y reportes generados en output/
2026-05-30 20:16:25 | INFO | update_pipeline | ✅ modelo_dashboard.csv actualizado para Power BI
2026-05-30 20:16:25 | DEBUG | update_pipeline | Keys disponibles en res: ['por_producto', 'por_region', 'pct_sobre_prod', 'pct_sobre_reg']
2026-05-30 20:16:37 | INFO | update_pipeline | ✅ Pipeline OK: histórico actualizado y reportes generados en output/
2026-05-31 09:00:07 | INFO | update_pipeline | ✅ modelo_dashboard.csv actualizado para Power BI
2026-05-31 09:00:07 | DEBUG | update_pipeline | Keys disponibles en res: ['por_producto', 'por_region', 'pct_sobre_prod', 'pct_sobre_reg']
2026-05-31 09:00:08 | INFO | update_pipeline | ✅ Pipeline OK: histórico actualizado y reportes generados en output/
2026-06-01 09:22:41 | INFO | update_pipeline | ✅ modelo_dashboard.csv actualizado para Power BI
2026-06-01 09:22:41 | DEBUG | update_pipeline | Keys disponibles en res: ['por_producto', 'por_region', 'pct_sobre_prod', 'pct_sobre_reg']
2026-06-01 09:22:43 | INFO | update_pipeline | ✅ Pipeline OK: histórico actualizado y reportes generados en output/
2026-06-02 09:31:48 | INFO | update_pipeline | ✅ modelo_dashboard.csv actualizado para Power BI
2026-06-02 09:31:48 | DEBUG | update_pipeline | Keys disponibles en res: ['por_producto', 'por_region', 'pct_sobre_prod', 'pct_sobre_reg']
2026-06-02 09:31:50 | INFO | update_pipeline | ✅ Pipeline OK: histórico actualizado y reportes generados en output/
2026-06-03 09:29:28 | INFO | update_pipeline | ✅ modelo_dashboard.csv actualizado para Power BI
2026-06-03 09:29:28 | DEBUG | update_pipeline | Keys disponibles en res: ['por_producto', 'por_region', 'pct_sobre_prod', 'pct_sobre_reg']
2026-06-03 09:29:37 | INFO | update_pipeline | ✅ Pipeline OK: histórico actualizado y reportes generados en output/
2026-06-04 09:23:00 | INFO | update_pipeline | ✅ modelo_dashboard.csv actualizado para Power BI
2026-06-04 09:23:00 | DEBUG | update_pipeline | Keys disponibles en res: ['por_producto', 'por_region', 'pct_sobre_prod', 'pct_sobre_reg']
2026-06-04 09:23:03 | INFO | update_pipeline | ✅ Pipeline OK: histórico actualizado y reportes generados en output/
2026-06-05 09:39:43 | INFO | update_pipeline | ✅ modelo_dashboard.csv actualizado para Power BI
2026-06-05 09:39:43 | DEBUG | update_pipeline | Keys disponibles en res: ['por_producto', 'por_region', 'pct_sobre_prod', 'pct_sobre_reg']
2026-06-05 09:39:50 | INFO | update_pipeline | ✅ Pipeline OK: histórico actualizado y reportes generados en output/
2026-06-06 20:13:54 | INFO | update_pipeline | ✅ modelo_dashboard.csv actualizado para Power BI
2026-06-06 20:13:54 | DEBUG | update_pipeline | Keys disponibles en res: ['por_producto', 'por_region', 'pct_sobre_prod', 'pct_sobre_reg']
2026-06-06 20:14:02 | INFO | update_pipeline | ✅ Pipeline OK: histórico actualizado y reportes generados en output/
2026-06-07 13:01:09 | INFO | update_pipeline | ✅ modelo_dashboard.csv actualizado para Power BI
2026-06-07 13:01:09 | DEBUG | update_pipeline | Keys disponibles en res: ['por_producto', 'por_region', 'pct_sobre_prod', 'pct_sobre_reg']
2026-06-07 13:01:12 | INFO | update_pipeline | ✅ Pipeline OK: histórico actualizado y reportes generados en output/
2026-06-08 09:24:55 | INFO | update_pipeline | ✅ modelo_dashboard.csv actualizado para Power BI
2026-06-08 09:24:55 | DEBUG | update_pipeline | Keys disponibles en res: ['por_producto', 'por_region', 'pct_sobre_prod', 'pct_sobre_reg']
2026-06-08 09:25:07 | INFO | update_pipeline | ✅ Pipeline OK: histórico actualizado y reportes generados en output/
2026-06-09 09:55:02 | INFO | update_pipeline | ✅ modelo_dashboard.csv actualizado para Power BI
2026-06-09 09:55:02 | DEBUG | update_pipeline | Keys disponibles en res: ['por_producto', 'por_region', 'pct_sobre_prod', 'pct_sobre_reg']
2026-06-09 09:55:08 | INFO | update_pipeline | ✅ Pipeline OK: histórico actualizado y reportes generados en output/
2026-06-10 09:25:49 | INFO | update_pipeline | ✅ modelo_dashboard.csv actualizado para Power BI
2026-06-10 09:25:49 | DEBUG | update_pipeline | Keys disponibles en res: ['por_producto', 'por_region', 'pct_sobre_prod', 'pct_sobre_reg']
2026-06-10 09:25:50 | INFO | update_pipeline | ✅ Pipeline OK: histórico actualizado y reportes generados en output/
2026-06-11 09:25:54 | INFO | update_pipeline | ✅ modelo_dashboard.csv actualizado para Power BI
2026-06-11 09:25:54 | DEBUG | update_pipeline | Keys disponibles en res: ['por_producto', 'por_region', 'pct_sobre_prod', 'pct_sobre_reg']
2026-06-11 09:25:59 | INFO | update_pipeline | ✅ Pipeline OK: histórico actualizado y reportes generados en output/
2026-06-12 09:29:10 | INFO | update_pipeline | ✅ modelo_dashboard.csv actualizado para Power BI
2026-06-12 09:29:10 | DEBUG | update_pipeline | Keys disponibles en res: ['por_producto', 'por_region', 'pct_sobre_prod', 'pct_sobre_reg']
2026-06-12 09:29:14 | INFO | update_pipeline | ✅ Pipeline OK: histórico actualizado y reportes generados en output/
2026-06-12 14:14:39 | INFO | update_pipeline | ✅ modelo_dashboard.csv actualizado para Power BI
2026-06-12 14:14:39 | DEBUG | update_pipeline | Keys disponibles en res: ['por_producto', 'por_region', 'pct_sobre_prod', 'pct_sobre_reg']
2026-06-12 14:14:40 | INFO | update_pipeline | ✅ Pipeline OK: histórico actualizado y reportes generados en output/
2026-06-12 14:24:44 | INFO | update_pipeline | ✅ modelo_dashboard.csv actualizado para Power BI
2026-06-12 14:24:44 | DEBUG | update_pipeline | Keys disponibles en res: ['por_producto', 'por_region', 'pct_sobre_prod', 'pct_sobre_reg']
2026-06-12 14:24:44 | INFO | update_pipeline | ✅ Pipeline OK: histórico actualizado y reportes generados en output/
2026-06-12 14:26:09 | INFO | update_pipeline | ✅ modelo_dashboard.csv actualizado para Power BI
2026-06-12 14:26:09 | DEBUG | update_pipeline | Keys disponibles en res: ['por_producto', 'por_region', 'pct_sobre_prod', 'pct_sobre_reg']
2026-06-12 14:26:09 | INFO | update_pipeline | ✅ Pipeline OK: histórico actualizado y reportes generados en output/
2026-06-12 14:34:52 | INFO | update_pipeline | ✅ modelo_dashboard.csv actualizado para Power BI
2026-06-12 14:34:52 | DEBUG | update_pipeline | Keys disponibles en res: ['por_producto', 'por_region', 'pct_sobre_prod', 'pct_sobre_reg']
2026-06-12 14:34:52 | INFO | update_pipeline | ✅ Pipeline OK: histórico actualizado y reportes generados en output/
2026-06-12 14:42:14 | INFO | update_pipeline | ✅ modelo_dashboard.csv actualizado para Power BI
2026-06-12 14:42:14 | DEBUG | update_pipeline | Keys disponibles en res: ['por_producto', 'por_region', 'pct_sobre_prod', 'pct_sobre_reg']
2026-06-12 14:42:16 | INFO | update_pipeline | ✅ Gráficas e insights generados
2026-06-12 14:42:16 | ERROR | update_pipeline | ❌ Error enviando email: [SSL: WRONG_VERSION_NUMBER] wrong version number (_ssl.c:1081)
2026-06-12 14:42:16 | INFO | update_pipeline | ✅ Pipeline OK: histórico actualizado y reportes generados en output/
2026-06-12 14:46:49 | INFO | update_pipeline | ✅ modelo_dashboard.csv actualizado para Power BI
2026-06-12 14:46:49 | DEBUG | update_pipeline | Keys disponibles en res: ['por_producto', 'por_region', 'pct_sobre_prod', 'pct_sobre_reg']
2026-06-12 14:46:53 | INFO | update_pipeline | ✅ Gráficas e insights generados
2026-06-12 14:46:59 | ERROR | update_pipeline | ❌ Error enviando email: (535, b'5.7.139 Authentication unsuccessful, basic authentication is disabled. [SCYP152CA0001.LAMP152.PROD.OUTLOOK.COM 2026-06-12T17:46:59.220Z 08DEC868B0D49113]')
2026-06-12 14:46:59 | INFO | update_pipeline | ✅ Pipeline OK: histórico actualizado y reportes generados en output/
2026-06-12 14:51:10 | INFO | update_pipeline | ✅ modelo_dashboard.csv actualizado para Power BI
2026-06-12 14:51:10 | DEBUG | update_pipeline | Keys disponibles en res: ['por_producto', 'por_region', 'pct_sobre_prod', 'pct_sobre_reg']
2026-06-12 14:51:11 | INFO | update_pipeline | ✅ Gráficas e insights generados
2026-06-12 14:51:22 | ERROR | update_pipeline | ❌ Error enviando email: (535, b'5.7.139 Authentication unsuccessful, basic authentication is disabled. [SCYP215CA0050.LAMP215.PROD.OUTLOOK.COM 2026-06-12T17:51:17.398Z 08DEC82B8165E36A]')
2026-06-12 14:51:22 | INFO | update_pipeline | ✅ Pipeline OK: histórico actualizado y reportes generados en output/
2026-06-13 09:00:12 | INFO | update_pipeline | ✅ modelo_dashboard.csv actualizado para Power BI
2026-06-13 09:00:12 | DEBUG | update_pipeline | Keys disponibles en res: ['por_producto', 'por_region', 'pct_sobre_prod', 'pct_sobre_reg']
2026-06-13 09:00:15 | INFO | update_pipeline | ✅ Gráficas e insights generados
2026-06-13 09:00:15 | ERROR | update_pipeline | ❌ Error enviando email: Faltan variables de entorno SMTP_HOST, SMTP_PORT, EMAIL_USER, EMAIL_PASS o EMAIL_TO
2026-06-13 09:00:15 | INFO | update_pipeline | ✅ Pipeline OK: histórico actualizado y reportes generados en output/
2026-06-13 15:00:56 | INFO | update_pipeline | ✅ modelo_dashboard.csv actualizado para Power BI
2026-06-13 15:00:56 | DEBUG | update_pipeline | Keys disponibles en res: ['por_producto', 'por_region', 'pct_sobre_prod', 'pct_sobre_reg']
2026-06-13 15:00:57 | INFO | update_pipeline | ✅ Gráficas e insights generados
2026-06-13 15:01:11 | ERROR | update_pipeline | ❌ Error enviando email: (535, b'5.7.139 Authentication unsuccessful, basic authentication is disabled. [SCZPR80CA0002.lamprd80.prod.outlook.com 2026-06-13T18:01:11.297Z 08DEC8F513B15BDB]')
2026-06-13 15:01:12 | INFO | update_pipeline | ✅ Pipeline OK: histórico actualizado y reportes generados en output/
2026-06-13 15:03:49 | INFO | update_pipeline | ✅ modelo_dashboard.csv actualizado para Power BI
2026-06-13 15:03:49 | DEBUG | update_pipeline | Keys disponibles en res: ['por_producto', 'por_region', 'pct_sobre_prod', 'pct_sobre_reg']
2026-06-13 15:03:50 | INFO | update_pipeline | ✅ Gráficas e insights generados
2026-06-13 15:04:05 | ERROR | update_pipeline | ❌ Error enviando email: (535, b'5.7.139 Authentication unsuccessful, basic authentication is disabled. [SCVP298CA0013.CHLP298.PROD.OUTLOOK.COM 2026-06-13T18:04:04.952Z 08DEC92897C30ED1]')
2026-06-13 15:04:05 | INFO | update_pipeline | ✅ Pipeline OK: histórico actualizado y reportes generados en output/
2026-06-13 15:38:44 | INFO | update_pipeline | ✅ modelo_dashboard.csv actualizado para Power BI
2026-06-13 15:38:44 | DEBUG | update_pipeline | Keys disponibles en res: ['por_producto', 'por_region', 'pct_sobre_prod', 'pct_sobre_reg']
2026-06-13 15:38:45 | INFO | update_pipeline | ✅ Gráficas e insights generados
2026-06-13 15:38:45 | INFO | update_pipeline | ✅ Reporte HTML generado correctamente
2026-06-13 15:38:45 | INFO | update_pipeline | ✅ Pipeline OK: histórico actualizado y reportes generados en output/
2026-06-13 15:52:51 | INFO | update_pipeline | ✅ modelo_dashboard.csv actualizado para Power BI
2026-06-13 15:52:51 | DEBUG | update_pipeline | Keys disponibles en res: ['por_producto', 'por_region', 'pct_sobre_prod', 'pct_sobre_reg']
2026-06-13 15:52:52 | INFO | update_pipeline | ✅ Gráficas e insights generados
2026-06-13 15:52:52 | INFO | update_pipeline | ✅ Reporte HTML generado correctamente
2026-06-13 15:52:52 | INFO | update_pipeline | ✅ Pipeline OK: histórico actualizado y reportes generados en output/
2026-06-13 15:59:09 | INFO | update_pipeline | ✅ modelo_dashboard.csv actualizado para Power BI
2026-06-13 15:59:09 | DEBUG | update_pipeline | Keys disponibles en res: ['por_producto', 'por_region', 'pct_sobre_prod', 'pct_sobre_reg']
2026-06-13 15:59:10 | INFO | update_pipeline | ✅ Gráficas e insights generados
2026-06-13 15:59:10 | INFO | update_pipeline | ✅ Reporte HTML generado correctamente
2026-06-13 15:59:10 | INFO | update_pipeline | ✅ Pipeline OK: histórico actualizado y reportes generados en output/
2026-06-13 16:10:04 | INFO | update_pipeline | ✅ modelo_dashboard.csv actualizado para Power BI
2026-06-13 16:10:04 | DEBUG | update_pipeline | Keys disponibles en res: ['por_producto', 'por_region', 'pct_sobre_prod', 'pct_sobre_reg']
2026-06-13 16:10:05 | INFO | update_pipeline | ✅ Gráficas e insights generados
2026-06-13 16:10:05 | INFO | update_pipeline | ✅ Reporte HTML generado correctamente
2026-06-13 16:10:05 | INFO | update_pipeline | ✅ Pipeline OK: histórico actualizado y reportes generados en output/
2026-06-13 16:15:24 | INFO | update_pipeline | ✅ modelo_dashboard.csv actualizado para Power BI
2026-06-13 16:15:24 | DEBUG | update_pipeline | Keys disponibles en res: ['por_producto', 'por_region', 'pct_sobre_prod', 'pct_sobre_reg']
2026-06-13 16:15:25 | INFO | update_pipeline | ✅ Gráficas e insights generados
2026-06-13 16:15:25 | INFO | update_pipeline | ✅ Reporte HTML generado correctamente
2026-06-13 16:15:25 | INFO | update_pipeline | ✅ Pipeline OK: histórico actualizado y reportes generados en output/
2026-06-13 16:17:31 | INFO | update_pipeline | ✅ modelo_dashboard.csv actualizado para Power BI
2026-06-13 16:17:31 | DEBUG | update_pipeline | Keys disponibles en res: ['por_producto', 'por_region', 'pct_sobre_prod', 'pct_sobre_reg']
2026-06-13 16:17:32 | INFO | update_pipeline | ✅ Gráficas e insights generados
2026-06-13 16:17:32 | INFO | update_pipeline | ✅ Reporte HTML generado correctamente
2026-06-13 16:17:33 | INFO | update_pipeline | ✅ Pipeline OK: histórico actualizado y reportes generados en output/
2026-06-13 16:25:01 | INFO | update_pipeline | ✅ modelo_dashboard.csv actualizado para Power BI
2026-06-13 16:25:01 | DEBUG | update_pipeline | Keys disponibles en res: ['por_producto', 'por_region', 'pct_sobre_prod', 'pct_sobre_reg']
2026-06-13 16:25:02 | INFO | update_pipeline | ✅ Gráficas e insights generados
2026-06-13 16:25:02 | INFO | update_pipeline | ✅ Reporte HTML generado correctamente
2026-06-13 16:25:03 | INFO | update_pipeline | ✅ Pipeline OK: histórico actualizado y reportes generados en output/
2026-06-13 16:37:31 | INFO | update_pipeline | ✅ modelo_dashboard.csv actualizado para Power BI
2026-06-13 16:37:31 | DEBUG | update_pipeline | Keys disponibles en res: ['por_producto', 'por_region', 'pct_sobre_prod', 'pct_sobre_reg']
2026-06-13 16:37:32 | INFO | update_pipeline | ✅ Gráficas e insights generados
2026-06-13 16:37:32 | INFO | update_pipeline | ✅ Reporte HTML generado correctamente
2026-06-13 16:37:33 | INFO | update_pipeline | ✅ Pipeline OK: histórico actualizado y reportes generados en output/
2026-06-15 10:40:16 | INFO | update_pipeline | ✅ modelo_dashboard.csv actualizado para Power BI
2026-06-15 10:40:16 | DEBUG | update_pipeline | Keys disponibles en res: ['por_producto', 'por_region', 'pct_sobre_prod', 'pct_sobre_reg']
2026-06-15 10:41:05 | INFO | update_pipeline | ✅ Gráficas e insights generados
2026-06-15 10:41:05 | INFO | update_pipeline | ✅ Reporte HTML generado correctamente
2026-06-15 10:41:10 | INFO | update_pipeline | ✅ Pipeline OK: histórico actualizado y reportes generados en output/
